{"J:\\Foothill\\Unit testing\\data\\users.js": {"path":"J:\\Foothill\\Unit testing\\data\\users.js","statementMap":{"0":{"start":{"line":1,"column":13},"end":{"line":74,"column":1}},"1":{"start":{"line":75,"column":0},"end":{"line":75,"column":22}}},"fnMap":{},"branchMap":{},"s":{"0":4,"1":4},"f":{},"b":{},"_coverageSchema":"1a1c01bbd47fc00a2c39e90264f33305004495a9","hash":"c1b30baafe756efeec1cbf4bdf36efd537e8f39e"}
,"J:\\Foothill\\Unit testing\\tests\\Filter\\filter.js": {"path":"J:\\Foothill\\Unit testing\\tests\\Filter\\filter.js","statementMap":{"0":{"start":{"line":1,"column":15},"end":{"line":16,"column":1}},"1":{"start":{"line":3,"column":27},"end":{"line":3,"column":29}},"2":{"start":{"line":5,"column":4},"end":{"line":12,"column":5}},"3":{"start":{"line":8,"column":8},"end":{"line":11,"column":9}},"4":{"start":{"line":10,"column":12},"end":{"line":10,"column":45}},"5":{"start":{"line":14,"column":4},"end":{"line":14,"column":26}},"6":{"start":{"line":18,"column":0},"end":{"line":18,"column":24}}},"fnMap":{"0":{"name":"(anonymous_0)","decl":{"start":{"line":1,"column":15},"end":{"line":1,"column":16}},"loc":{"start":{"line":1,"column":35},"end":{"line":16,"column":1}},"line":1}},"branchMap":{"0":{"loc":{"start":{"line":8,"column":8},"end":{"line":11,"column":9}},"type":"if","locations":[{"start":{"line":8,"column":8},"end":{"line":11,"column":9}},{"start":{},"end":{}}],"line":8}},"s":{"0":1,"1":1,"2":1,"3":10,"4":4,"5":1,"6":1},"f":{"0":1},"b":{"0":[4,6]},"_coverageSchema":"1a1c01bbd47fc00a2c39e90264f33305004495a9","hash":"900c62a44dfbb49be32426736703c021314ca1c9"}
,"J:\\Foothill\\Unit testing\\tests\\Find\\find.js": {"path":"J:\\Foothill\\Unit testing\\tests\\Find\\find.js","statementMap":{"0":{"start":{"line":1,"column":13},"end":{"line":12,"column":1}},"1":{"start":{"line":3,"column":4},"end":{"line":8,"column":5}},"2":{"start":{"line":5,"column":8},"end":{"line":7,"column":9}},"3":{"start":{"line":6,"column":12},"end":{"line":6,"column":24}},"4":{"start":{"line":10,"column":4},"end":{"line":10,"column":21}},"5":{"start":{"line":14,"column":0},"end":{"line":14,"column":22}}},"fnMap":{"0":{"name":"(anonymous_0)","decl":{"start":{"line":1,"column":13},"end":{"line":1,"column":14}},"loc":{"start":{"line":1,"column":34},"end":{"line":12,"column":1}},"line":1}},"branchMap":{"0":{"loc":{"start":{"line":5,"column":8},"end":{"line":7,"column":9}},"type":"if","locations":[{"start":{"line":5,"column":8},"end":{"line":7,"column":9}},{"start":{},"end":{}}],"line":5}},"s":{"0":1,"1":1,"2":2,"3":1,"4":0,"5":1},"f":{"0":1},"b":{"0":[1,1]},"_coverageSchema":"1a1c01bbd47fc00a2c39e90264f33305004495a9","hash":"eb4846d419560c3e43891ea857dbd33d46a70cb9"}
,"J:\\Foothill\\Unit testing\\tests\\Map\\map.js": {"path":"J:\\Foothill\\Unit testing\\tests\\Map\\map.js","statementMap":{"0":{"start":{"line":1,"column":12},"end":{"line":12,"column":1}},"1":{"start":{"line":3,"column":25},"end":{"line":3,"column":27}},"2":{"start":{"line":6,"column":4},"end":{"line":9,"column":5}},"3":{"start":{"line":8,"column":8},"end":{"line":8,"column":73}},"4":{"start":{"line":11,"column":4},"end":{"line":11,"column":24}},"5":{"start":{"line":14,"column":0},"end":{"line":14,"column":21}}},"fnMap":{"0":{"name":"(anonymous_0)","decl":{"start":{"line":1,"column":12},"end":{"line":1,"column":13}},"loc":{"start":{"line":1,"column":32},"end":{"line":12,"column":1}},"line":1}},"branchMap":{},"s":{"0":1,"1":1,"2":1,"3":10,"4":1,"5":1},"f":{"0":1},"b":{},"_coverageSchema":"1a1c01bbd47fc00a2c39e90264f33305004495a9","hash":"51f1d127c234e9fbcc1337d1b832597005eba854"}
,"J:\\Foothill\\Unit testing\\tests\\Reduce\\reduce.js": {"path":"J:\\Foothill\\Unit testing\\tests\\Reduce\\reduce.js","statementMap":{"0":{"start":{"line":1,"column":15},"end":{"line":11,"column":1}},"1":{"start":{"line":3,"column":17},"end":{"line":3,"column":22}},"2":{"start":{"line":5,"column":4},"end":{"line":8,"column":5}},"3":{"start":{"line":7,"column":8},"end":{"line":7,"column":51}},"4":{"start":{"line":10,"column":4},"end":{"line":10,"column":18}},"5":{"start":{"line":13,"column":0},"end":{"line":13,"column":24}}},"fnMap":{"0":{"name":"(anonymous_0)","decl":{"start":{"line":1,"column":15},"end":{"line":1,"column":16}},"loc":{"start":{"line":1,"column":47},"end":{"line":11,"column":1}},"line":1}},"branchMap":{"0":{"loc":{"start":{"line":1,"column":33},"end":{"line":1,"column":42}},"type":"default-arg","locations":[{"start":{"line":1,"column":41},"end":{"line":1,"column":42}}],"line":1}},"s":{"0":1,"1":1,"2":1,"3":10,"4":1,"5":1},"f":{"0":1},"b":{"0":[1]},"_coverageSchema":"1a1c01bbd47fc00a2c39e90264f33305004495a9","hash":"36efb7b5d3c61b4ed667c34916632b786016eb75"}
}
