TN:
SF:data\users.js
FNF:0
FNH:0
DA:1,4
DA:75,4
LF:2
LH:2
BRF:0
BRH:0
end_of_record
TN:
SF:tests\Filter\filter.js
FN:1,(anonymous_0)
FNF:1
FNH:1
FNDA:1,(anonymous_0)
DA:1,1
DA:3,1
DA:5,1
DA:8,10
DA:10,4
DA:14,1
DA:18,1
LF:7
LH:7
BRDA:8,0,0,4
BRDA:8,0,1,6
BRF:2
BRH:2
end_of_record
TN:
SF:tests\Find\find.js
FN:1,(anonymous_0)
FNF:1
FNH:1
FNDA:1,(anonymous_0)
DA:1,1
DA:3,1
DA:5,2
DA:6,1
DA:10,0
DA:14,1
LF:6
LH:5
BRDA:5,0,0,1
BRDA:5,0,1,1
BRF:2
BRH:2
end_of_record
TN:
SF:tests\Map\map.js
FN:1,(anonymous_0)
FNF:1
FNH:1
FNDA:1,(anonymous_0)
DA:1,1
DA:3,1
DA:6,1
DA:8,10
DA:11,1
DA:14,1
LF:6
LH:6
BRF:0
BRH:0
end_of_record
TN:
SF:tests\Reduce\reduce.js
FN:1,(anonymous_0)
FNF:1
FNH:1
FNDA:1,(anonymous_0)
DA:1,1
DA:3,1
DA:5,1
DA:7,10
DA:10,1
DA:13,1
LF:6
LH:6
BRDA:1,0,0,1
BRF:1
BRH:1
end_of_record
